
[2025-05-19 07:45:51] [INFO] ========== BANK CLIENT STARTED ==========
[2025-05-19 07:45:51] [INFO] Bank client starting
[2025-05-19 07:45:52] [INFO] Target server: 127.0.0.1:8888
[2025-05-19 07:45:53] [INFO] Attempting to connect to server at 127.0.0.1:8888
[2025-05-19 07:45:54] [INFO] Creating client socket
[2025-05-19 07:45:55] [INFO] Preparing server address structure
[2025-05-19 07:45:56] [INFO] Converting IP address from text to binary form
[2025-05-19 07:45:56] [INFO] Connecting to server
[2025-05-19 07:45:56] [INFO] Successfully connected to bank server at 127.0.0.1:8888
[2025-05-19 07:45:57] [INFO] Entering main client loop
[2025-05-19 07:45:57] [INFO] Displaying main menu banner
[2025-05-19 07:46:22] [INFO] User selected option: 1
[2025-05-19 07:46:22] [INFO] User requested to open a new account
[2025-05-19 07:46:22] [INFO] Starting OPEN ACCOUNT operation
[2025-05-19 07:46:31] [INFO] OPEN ACCOUNT details - Name: Adok, ID: 100, Type: 1
[2025-05-19 07:46:32] [INFO] Sending OPEN ACCOUNT request to server
[2025-05-19 07:46:32] [INFO] OPEN ACCOUNT request sent successfully
[2025-05-19 07:46:33] [INFO] Waiting for server response
[2025-05-19 07:46:37] [INFO] Received response from server - Status: 0, Message: Account created. Number=100001 Pin=6687 Balance=1000
[2025-05-19 07:46:37] [INFO] Interpreting server response for command 1 (Account: 0)
[2025-05-19 07:46:37] [INFO] Response status indicates SUCCESS
[2025-05-19 07:46:37] [INFO] Server message: Account created. Number=100001 Pin=6687 Balance=1000
[2025-05-19 07:46:37] [INFO] Response contains new account details - Number: 100001, PIN: 6687, Balance: 1000
[2025-05-19 07:46:45] [INFO] User selected option: 5
[2025-05-19 07:46:45] [INFO] User requested to check account balance
[2025-05-19 07:46:45] [INFO] Starting BALANCE operation
[2025-05-19 07:46:53] [INFO] BALANCE details - Account: 100001, PIN: 6687
[2025-05-19 07:46:54] [INFO] Sending BALANCE request to server
[2025-05-19 07:46:54] [INFO] BALANCE request sent successfully
[2025-05-19 07:46:55] [INFO] Waiting for server response
[2025-05-19 07:46:56] [INFO] Received response from server - Status: 0, Message: Balance: 1000
[2025-05-19 07:46:56] [INFO] Interpreting server response for command 5 (Account: 100001)
[2025-05-19 07:46:56] [INFO] Response status indicates SUCCESS
[2025-05-19 07:46:56] [INFO] Server message: Balance: 1000
[2025-05-19 07:46:56] [INFO] Balance inquiry successful - Current balance: 1000
[2025-05-19 07:47:07] [INFO] User selected option: 0
[2025-05-19 07:47:07] [INFO] User requested to quit the application
[2025-05-19 07:47:07] [INFO] Preparing to disconnect from server
[2025-05-19 07:47:07] [INFO] Sending QUIT command to server
[2025-05-19 07:47:07] [INFO] QUIT command sent successfully
[2025-05-19 07:47:08] [INFO] Waiting for server acknowledgment
[2025-05-19 07:47:08] [INFO] Received server acknowledgment: Shutting Down...
[2025-05-19 07:47:08] [INFO] Interpreting server response for command 0 (Account: 0)
[2025-05-19 07:47:08] [INFO] Response status indicates SUCCESS
[2025-05-19 07:47:08] [INFO] Server message: Shutting Down...
[2025-05-19 07:47:08] [INFO] Server acknowledged client disconnect request
[2025-05-19 07:47:10] [INFO] Closing client socket
[2025-05-19 07:47:10] [INFO] Disconnected from bank server
[2025-05-19 07:47:11] [INFO] Client exiting normally
[2025-05-19 07:47:11] [INFO] ========== BANK CLIENT STOPPED ==========

[2025-05-19 07:58:58] [INFO] ========== BANK CLIENT STARTED ==========
[2025-05-19 07:58:58] [INFO] Bank client starting
[2025-05-19 07:58:59] [INFO] Target server: 127.0.0.1:8888
[2025-05-19 07:59:00] [INFO] Attempting to connect to server at 127.0.0.1:8888
[2025-05-19 07:59:01] [INFO] Creating client socket
[2025-05-19 07:59:02] [INFO] Preparing server address structure
[2025-05-19 07:59:03] [INFO] Converting IP address from text to binary form
[2025-05-19 07:59:03] [INFO] Connecting to server
[2025-05-19 07:59:03] [INFO] Successfully connected to bank server at 127.0.0.1:8888
[2025-05-19 07:59:04] [INFO] Entering main client loop
[2025-05-19 07:59:04] [INFO] Displaying main menu banner
[2025-05-19 07:59:07] [INFO] User selected option: 0
[2025-05-19 07:59:07] [INFO] User requested to quit the application
[2025-05-19 07:59:07] [INFO] Preparing to disconnect from server
[2025-05-19 07:59:07] [INFO] Sending QUIT command to server
[2025-05-19 07:59:07] [INFO] QUIT command sent successfully
[2025-05-19 07:59:08] [INFO] Waiting for server acknowledgment
[2025-05-19 07:59:08] [INFO] Received server acknowledgment: Shutting Down...
[2025-05-19 07:59:08] [INFO] Interpreting server response for command 0 (Account: 0)
[2025-05-19 07:59:08] [INFO] Response status indicates SUCCESS
[2025-05-19 07:59:08] [INFO] Server message: Shutting Down...
[2025-05-19 07:59:08] [INFO] Server acknowledged client disconnect request
[2025-05-19 07:59:10] [INFO] Closing client socket
[2025-05-19 07:59:10] [INFO] Disconnected from bank server
[2025-05-19 07:59:11] [INFO] Client exiting normally
[2025-05-19 07:59:11] [INFO] ========== BANK CLIENT STOPPED ==========

[2025-05-19 08:46:41] [INFO] ========== BANK CLIENT STARTED ==========
[2025-05-19 08:46:41] [INFO] Bank client starting
[2025-05-19 08:46:42] [INFO] Target server: 127.0.0.1:8888
[2025-05-19 08:46:43] [INFO] Attempting to connect to server at 127.0.0.1:8888
[2025-05-19 08:46:44] [INFO] Creating client socket
[2025-05-19 08:46:45] [INFO] Preparing server address structure
[2025-05-19 08:46:46] [INFO] Converting IP address from text to binary form
[2025-05-19 08:46:47] [INFO] Connecting to server
[2025-05-19 08:46:47] [INFO] Successfully connected to bank server at 127.0.0.1:8888
[2025-05-19 08:46:47] [INFO] Entering main client loop
[2025-05-19 08:46:47] [INFO] Displaying main menu banner
[2025-05-19 08:46:49] [INFO] User selected option: 1
[2025-05-19 08:46:49] [INFO] User requested to open a new account
[2025-05-19 08:46:49] [INFO] Starting OPEN ACCOUNT operation
[2025-05-19 08:46:56] [INFO] OPEN ACCOUNT details - Name: Adok, ID: 100, Type: 1
[2025-05-19 08:46:57] [INFO] Sending OPEN ACCOUNT request to server
[2025-05-19 08:46:57] [INFO] OPEN ACCOUNT request sent successfully
[2025-05-19 08:46:58] [INFO] Waiting for server response
[2025-05-19 08:47:02] [INFO] Received response from server - Status: 0, Message: Account created. Number=100001 Pin=9329 Balance=1000
[2025-05-19 08:47:02] [INFO] Interpreting server response for command 1 (Account: 0)
[2025-05-19 08:47:02] [INFO] Response status indicates SUCCESS
[2025-05-19 08:47:02] [INFO] Server message: Account created. Number=100001 Pin=9329 Balance=1000
[2025-05-19 08:47:02] [INFO] Response contains new account details - Number: 100001, PIN: 9329, Balance: 1000
[2025-05-19 08:47:11] [INFO] User selected option: 3
[2025-05-19 08:47:11] [INFO] User requested to make a deposit
[2025-05-19 08:47:11] [INFO] Starting DEPOSIT operation
[2025-05-19 08:47:25] [INFO] DEPOSIT details - Account: 100001, PIN: 9329, Amount: 2000
[2025-05-19 08:47:26] [INFO] Sending DEPOSIT request to server
[2025-05-19 08:47:26] [INFO] DEPOSIT request sent successfully
[2025-05-19 08:47:27] [INFO] Waiting for server response
[2025-05-19 08:47:31] [INFO] Received response from server - Status: 0, Message: Deposit successful. New balance: 3000
[2025-05-19 08:47:31] [INFO] Interpreting server response for command 3 (Account: 100001)
[2025-05-19 08:47:31] [INFO] Response status indicates SUCCESS
[2025-05-19 08:47:31] [INFO] Server message: Deposit successful. New balance: 3000
[2025-05-19 08:47:31] [INFO] Deposit successful - New balance: 3000
[2025-05-19 08:47:45] [INFO] User selected option: 5
[2025-05-19 08:47:45] [INFO] User requested to check account balance
[2025-05-19 08:47:45] [INFO] Starting BALANCE operation
[2025-05-19 08:47:54] [INFO] BALANCE details - Account: 10001, PIN: 9329
[2025-05-19 08:47:55] [INFO] Sending BALANCE request to server
[2025-05-19 08:47:55] [INFO] BALANCE request sent successfully
[2025-05-19 08:47:56] [INFO] Waiting for server response
[2025-05-19 08:47:57] [INFO] Received response from server - Status: -1, Message: Balance inquiry failed: Account not found or wrong PIN
[2025-05-19 08:47:57] [INFO] Interpreting server response for command 5 (Account: 10001)
[2025-05-19 08:47:57] [WARNING] Response status indicates GENERAL ERROR
[2025-05-19 08:47:57] [INFO] Server message: Balance inquiry failed: Account not found or wrong PIN
[2025-05-19 08:47:57] [WARNING] Balance inquiry failed - likely: non-existent account or wrong PIN
[2025-05-19 08:48:01] [INFO] User selected option: 5
[2025-05-19 08:48:01] [INFO] User requested to check account balance
[2025-05-19 08:48:01] [INFO] Starting BALANCE operation
[2025-05-19 08:48:07] [INFO] BALANCE details - Account: 100001, PIN: 9328
[2025-05-19 08:48:08] [INFO] Sending BALANCE request to server
[2025-05-19 08:48:08] [INFO] BALANCE request sent successfully
[2025-05-19 08:48:09] [INFO] Waiting for server response
[2025-05-19 08:48:10] [INFO] Received response from server - Status: -1, Message: Balance inquiry failed: Account not found or wrong PIN
[2025-05-19 08:48:10] [INFO] Interpreting server response for command 5 (Account: 100001)
[2025-05-19 08:48:10] [WARNING] Response status indicates GENERAL ERROR
[2025-05-19 08:48:10] [INFO] Server message: Balance inquiry failed: Account not found or wrong PIN
[2025-05-19 08:48:10] [WARNING] Balance inquiry failed - likely: non-existent account or wrong PIN
[2025-05-19 08:48:18] [INFO] User selected option: 5
[2025-05-19 08:48:18] [INFO] User requested to check account balance
[2025-05-19 08:48:18] [INFO] Starting BALANCE operation
[2025-05-19 08:48:22] [INFO] BALANCE details - Account: 100001, PIN: 9329
[2025-05-19 08:48:23] [INFO] Sending BALANCE request to server
[2025-05-19 08:48:23] [INFO] BALANCE request sent successfully
[2025-05-19 08:48:24] [INFO] Waiting for server response
[2025-05-19 08:48:25] [INFO] Received response from server - Status: 0, Message: Balance: 3000
[2025-05-19 08:48:25] [INFO] Interpreting server response for command 5 (Account: 100001)
[2025-05-19 08:48:25] [INFO] Response status indicates SUCCESS
[2025-05-19 08:48:25] [INFO] Server message: Balance: 3000
[2025-05-19 08:48:25] [INFO] Balance inquiry successful - Current balance: 3000
[2025-05-19 08:48:43] [INFO] User selected option: 6
[2025-05-19 08:48:43] [INFO] User requested account statement
[2025-05-19 08:48:43] [INFO] Starting STATEMENT operation
[2025-05-19 08:48:48] [INFO] STATEMENT details - Account: 100001, PIN: 9329
[2025-05-19 08:48:49] [INFO] Sending STATEMENT request to server
[2025-05-19 08:48:49] [INFO] STATEMENT request sent successfully
[2025-05-19 08:48:50] [INFO] Waiting for server response
[2025-05-19 08:48:51] [INFO] Received response from server - Status: 0, Message: Statement retrieved successfully
[2025-05-19 08:48:51] [INFO] Interpreting server response for command 6 (Account: 100001)
[2025-05-19 08:48:51] [INFO] Response status indicates SUCCESS
[2025-05-19 08:48:51] [INFO] Server message: Statement retrieved successfully
[2025-05-19 08:48:51] [INFO] Statement retrieval successful - 2 transactions
[2025-05-19 08:48:51] [INFO] Transaction summary:
[2025-05-19 08:48:51] [INFO]   #1: 19/05/2025 08:46, Type=D, Amount=1000, Balance=1000
[2025-05-19 08:48:51] [INFO]   #2: 19/05/2025 08:47, Type=D, Amount=2000, Balance=3000
[2025-05-19 08:48:53] [INFO] User selected option: 0
[2025-05-19 08:48:53] [INFO] User requested to quit the application
[2025-05-19 08:48:53] [INFO] Preparing to disconnect from server
[2025-05-19 08:48:53] [INFO] Sending QUIT command to server
[2025-05-19 08:48:53] [INFO] QUIT command sent successfully
[2025-05-19 08:48:54] [INFO] Waiting for server acknowledgment
[2025-05-19 08:48:54] [INFO] Received server acknowledgment: Shutting Down...
[2025-05-19 08:48:54] [INFO] Interpreting server response for command 0 (Account: 0)
[2025-05-19 08:48:54] [INFO] Response status indicates SUCCESS
[2025-05-19 08:48:54] [INFO] Server message: Shutting Down...
[2025-05-19 08:48:54] [INFO] Server acknowledged client disconnect request
[2025-05-19 08:48:56] [INFO] Closing client socket
[2025-05-19 08:48:56] [INFO] Disconnected from bank server
[2025-05-19 08:48:57] [INFO] Client exiting normally
[2025-05-19 08:48:57] [INFO] ========== BANK CLIENT STOPPED ==========
