
[2025-05-18 21:55:32] [INFO] ========== BANK CLIENT STARTED ==========
[2025-05-18 21:55:32] [INFO] Bank client starting
[2025-05-18 21:55:33] [INFO] Target server: 127.0.0.1:8888
[2025-05-18 21:55:34] [INFO] Attempting to connect to server at 127.0.0.1:8888
[2025-05-18 21:55:35] [INFO] Creating client socket
[2025-05-18 21:55:36] [INFO] Preparing server address structure
[2025-05-18 21:55:37] [INFO] Converting IP address from text to binary form
[2025-05-18 21:55:38] [INFO] Connecting to server
[2025-05-18 21:55:38] [INFO] Successfully connected to bank server at 127.0.0.1:8888
[2025-05-18 21:55:39] [INFO] Entering main client loop
[2025-05-18 21:55:39] [INFO] Displaying main menu banner
[2025-05-18 21:56:08] [INFO] User selected option: 1
[2025-05-18 21:56:08] [INFO] User requested to open a new account
[2025-05-18 21:56:08] [INFO] Starting OPEN ACCOUNT operation
[2025-05-18 21:56:17] [INFO] OPEN ACCOUNT details - Name: Mariel, ID: 103, Type: 1
[2025-05-18 21:56:18] [INFO] Sending OPEN ACCOUNT request to server
[2025-05-18 21:56:18] [INFO] OPEN ACCOUNT request sent successfully
[2025-05-18 21:56:19] [INFO] Waiting for server response
[2025-05-18 21:56:23] [INFO] Received response from server - Status: 0, Message: Account created. Number=100004 Pin=4245 Balance=1000
[2025-05-18 21:56:23] [INFO] Interpreting server response for command 1 (Account: 0)
[2025-05-18 21:56:23] [INFO] Response status indicates SUCCESS
[2025-05-18 21:56:23] [INFO] Server message: Account created. Number=100004 Pin=4245 Balance=1000
[2025-05-18 21:56:23] [INFO] Response contains new account details - Number: 100004, PIN: 4245, Balance: 1000
[2025-05-18 22:06:34] [INFO] User selected option: 0
[2025-05-18 22:06:34] [INFO] User requested to quit the application
[2025-05-18 22:06:34] [INFO] Preparing to disconnect from server
[2025-05-18 22:06:34] [INFO] Sending QUIT command to server
[2025-05-18 22:06:34] [INFO] QUIT command sent successfully
[2025-05-18 22:06:35] [INFO] Waiting for server acknowledgment
[2025-05-18 22:06:35] [WARNING] No acknowledgment received from server
[2025-05-18 22:06:36] [INFO] Closing client socket
[2025-05-18 22:06:36] [INFO] Disconnected from bank server
[2025-05-18 22:06:37] [INFO] Client exiting normally
[2025-05-18 22:06:37] [INFO] ========== BANK CLIENT STOPPED ==========

[2025-05-18 22:06:47] [INFO] ========== BANK CLIENT STARTED ==========
[2025-05-18 22:06:47] [INFO] Bank client starting
[2025-05-18 22:06:48] [INFO] Target server: 127.0.0.1:8888
[2025-05-18 22:06:49] [INFO] Attempting to connect to server at 127.0.0.1:8888
[2025-05-18 22:06:50] [INFO] Creating client socket
[2025-05-18 22:06:51] [INFO] Preparing server address structure
[2025-05-18 22:06:52] [INFO] Converting IP address from text to binary form
[2025-05-18 22:06:53] [INFO] Connecting to server
[2025-05-18 22:06:53] [INFO] Successfully connected to bank server at 127.0.0.1:8888
[2025-05-18 22:06:54] [INFO] Entering main client loop
[2025-05-18 22:06:54] [INFO] Displaying main menu banner
